<?xml version="1.0" encoding="UTF-8"?>
<!-- Generated by org.testng.reporters.JUnitReportReporter -->
<testsuite hostname="DESKTOP-5M6A0B7" failures="0" tests="1" name="capstoneproject.ZeroBank.runners.FundTransferRunner" time="16.106" errors="0" timestamp="2025-03-19T01:01:12 IST" skipped="0">
  <testcase classname="capstoneproject.ZeroBank.runners.FundTransferRunner" name="runScenario" time="16.106"/>
</testsuite> <!-- capstoneproject.ZeroBank.runners.FundTransferRunner -->
