<?xml version="1.0" encoding="UTF-8"?>
<!-- Generated by org.testng.reporters.JUnitReportReporter -->
<testsuite hostname="DESKTOP-64EMJGR" failures="0" tests="14" name="capstoneproject.ZeroBank.runners.TestRunner" time="169.428" errors="0" timestamp="2025-03-22T10:27:53 IST" skipped="0">
  <testcase classname="capstoneproject.ZeroBank.runners.TestRunner" name="runScenario" time="12.680"/>
  <system-out/>
  <testcase classname="capstoneproject.ZeroBank.runners.TestRunner" name="runScenario" time="17.245"/>
  <system-out/>
  <testcase classname="capstoneproject.ZeroBank.runners.TestRunner" name="runScenario" time="10.948"/>
  <system-out/>
  <testcase classname="capstoneproject.ZeroBank.runners.TestRunner" name="runScenario" time="11.372"/>
  <system-out/>
  <testcase classname="capstoneproject.ZeroBank.runners.TestRunner" name="runScenario" time="10.460"/>
  <system-out/>
  <testcase classname="capstoneproject.ZeroBank.runners.TestRunner" name="runScenario" time="15.557"/>
  <system-out/>
  <testcase classname="capstoneproject.ZeroBank.runners.TestRunner" name="runScenario" time="12.762"/>
  <system-out/>
  <testcase classname="capstoneproject.ZeroBank.runners.TestRunner" name="runScenario" time="10.213"/>
  <system-out/>
  <testcase classname="capstoneproject.ZeroBank.runners.TestRunner" name="runScenario" time="11.691"/>
  <system-out/>
  <testcase classname="capstoneproject.ZeroBank.runners.TestRunner" name="runScenario" time="9.924"/>
  <system-out/>
  <testcase classname="capstoneproject.ZeroBank.runners.TestRunner" name="runScenario" time="9.865"/>
  <system-out/>
  <testcase classname="capstoneproject.ZeroBank.runners.TestRunner" name="runScenario" time="13.625"/>
  <system-out/>
  <testcase classname="capstoneproject.ZeroBank.runners.TestRunner" name="runScenario" time="11.091"/>
  <system-out/>
  <testcase classname="capstoneproject.ZeroBank.runners.TestRunner" name="runScenario" time="11.995"/>
  <system-out/>
</testsuite> <!-- capstoneproject.ZeroBank.runners.TestRunner -->
