<?xml version="1.0" encoding="UTF-8"?>
<!-- Generated by org.testng.reporters.JUnitReportReporter -->
<testsuite hostname="DESKTOP-5M6A0B7" failures="0" tests="3" name="capstoneproject.ZeroBank.runners.LoginRunner" time="52.860" errors="0" timestamp="2025-03-19T01:01:12 IST" skipped="0">
  <testcase classname="capstoneproject.ZeroBank.runners.LoginRunner" name="runScenario" time="13.485"/>
  <testcase classname="capstoneproject.ZeroBank.runners.LoginRunner" name="runScenario" time="15.037"/>
  <testcase classname="capstoneproject.ZeroBank.runners.LoginRunner" name="runScenario" time="24.338"/>
</testsuite> <!-- capstoneproject.ZeroBank.runners.LoginRunner -->
