<?xml version="1.0" encoding="UTF-8"?>
<!-- Generated by org.testng.reporters.JUnitReportReporter -->
<testsuite hostname="DESKTOP-5M6A0B7" failures="0" tests="1" name="capstoneproject.ZeroBank.runners.OnlineStatementRunner" time="21.729" errors="0" timestamp="2025-03-19T01:01:12 IST" skipped="0">
  <testcase classname="capstoneproject.ZeroBank.runners.OnlineStatementRunner" name="runScenario" time="21.729"/>
</testsuite> <!-- capstoneproject.ZeroBank.runners.OnlineStatementRunner -->
