<?xml version="1.0" encoding="UTF-8"?>
<!-- Generated by org.testng.reporters.JUnitReportReporter -->
<testsuite hostname="DESKTOP-5M6A0B7" failures="0" tests="2" name="capstoneproject.ZeroBank.runners.LogoutRunner" time="32.993" errors="0" timestamp="2025-03-19T01:01:12 IST" skipped="0">
  <testcase classname="capstoneproject.ZeroBank.runners.LogoutRunner" name="runScenario" time="14.474"/>
  <testcase classname="capstoneproject.ZeroBank.runners.LogoutRunner" name="runScenario" time="18.519"/>
</testsuite> <!-- capstoneproject.ZeroBank.runners.LogoutRunner -->
