<?xml version="1.0" encoding="UTF-8"?>
<!-- Generated by org.testng.reporters.JUnitReportReporter -->
<testsuite hostname="DESKTOP-64EMJGR" failures="0" tests="2" name="capstoneproject.ZeroBank.runners.AccountSummaryRunner" time="21.969" errors="0" timestamp="2025-03-21T15:15:25 IST" skipped="0">
  <testcase classname="capstoneproject.ZeroBank.runners.AccountSummaryRunner" name="runScenario" time="8.645"/>
  <system-out/>
  <testcase classname="capstoneproject.ZeroBank.runners.AccountSummaryRunner" name="runScenario" time="13.324"/>
  <system-out/>
</testsuite> <!-- capstoneproject.ZeroBank.runners.AccountSummaryRunner -->
